[0.034s] Invoking command in '/home/tony/ros2_control/build/ros2_control_demo_example_10': AMENT_PREFIX_PATH=/home/tony/ros2_control/install/ros2_control_demo_testing:/home/tony/ros2_control/install/ros2_control_demo_description:${AMENT_PREFIX_PATH} CMAKE_PREFIX_PATH=/home/tony/ros2_control/install/ros2_control_demo_description:/home/tony/ros2_control/1_rrbot_ws/install/roscon2022_control_workshop:/home/tony/ros2_control/1_rrbot_ws/install/controlko_hardware_interface:/home/tony/ros2_control/1_rrbot_ws/install/controlko_bringup:/home/tony/ros2_control/1_rrbot_ws/install/controlko_description:/opt/ros/humble PYTHONPATH=/home/tony/ros2_control/install/ros2_control_demo_testing/lib/python3.10/site-packages:${PYTHONPATH} /usr/bin/cmake /home/tony/ros2_control/examples/src/example_10 -DCMAKE_INSTALL_PREFIX=/home/tony/ros2_control/install/ros2_control_demo_example_10
[0.246s] -- The CXX compiler identification is GNU 11.4.0
[0.294s] -- Detecting CXX compiler ABI info
[0.484s] -- Detecting CXX compiler ABI info - done
[0.507s] -- Check for working CXX compiler: /usr/bin/c++ - skipped
[0.509s] -- Detecting CXX compile features
[0.509s] -- Detecting CXX compile features - done
[0.516s] -- Found ament_cmake: 1.3.10 (/opt/ros/humble/share/ament_cmake/cmake)
[1.035s] -- Found Python3: /usr/bin/python3 (found version "3.10.12") found components: Interpreter 
[1.535s] -- Found hardware_interface: 2.43.1 (/opt/ros/humble/share/hardware_interface/cmake)
[1.630s] Invoked command in '/home/tony/ros2_control/build/ros2_control_demo_example_10' returned '-2': AMENT_PREFIX_PATH=/home/tony/ros2_control/install/ros2_control_demo_testing:/home/tony/ros2_control/install/ros2_control_demo_description:${AMENT_PREFIX_PATH} CMAKE_PREFIX_PATH=/home/tony/ros2_control/install/ros2_control_demo_description:/home/tony/ros2_control/1_rrbot_ws/install/roscon2022_control_workshop:/home/tony/ros2_control/1_rrbot_ws/install/controlko_hardware_interface:/home/tony/ros2_control/1_rrbot_ws/install/controlko_bringup:/home/tony/ros2_control/1_rrbot_ws/install/controlko_description:/opt/ros/humble PYTHONPATH=/home/tony/ros2_control/install/ros2_control_demo_testing/lib/python3.10/site-packages:${PYTHONPATH} /usr/bin/cmake /home/tony/ros2_control/examples/src/example_10 -DCMAKE_INSTALL_PREFIX=/home/tony/ros2_control/install/ros2_control_demo_example_10
[1.645s] Traceback (most recent call last):
  File "/usr/lib/python3/dist-packages/colcon_parallel_executor/executor/parallel.py", line 75, in execute
    loop.run_until_complete(future)
  File "/usr/lib/python3.10/asyncio/base_events.py", line 636, in run_until_complete
    self.run_forever()
  File "/usr/lib/python3.10/asyncio/base_events.py", line 603, in run_forever
    self._run_once()
  File "/usr/lib/python3.10/asyncio/base_events.py", line 1871, in _run_once
    event_list = self._selector.select(timeout)
  File "/usr/lib/python3.10/selectors.py", line 469, in select
    fd_event_list = self._selector.poll(timeout, max_ev)
KeyboardInterrupt

During handling of the above exception, another exception occurred:

Traceback (most recent call last):
  File "/usr/lib/python3/dist-packages/colcon_core/executor/__init__.py", line 91, in __call__
    rc = await self.task(*args, **kwargs)
  File "/usr/lib/python3/dist-packages/colcon_core/task/__init__.py", line 93, in __call__
    return await task_method(*args, **kwargs)
  File "/usr/lib/python3/dist-packages/colcon_ros/task/ament_cmake/build.py", line 59, in build
    rc = await extension.build(
  File "/usr/lib/python3/dist-packages/colcon_cmake/task/cmake/build.py", line 87, in build
    rc = await self._reconfigure(args, env)
  File "/usr/lib/python3/dist-packages/colcon_cmake/task/cmake/build.py", line 182, in _reconfigure
    buildfile = get_buildfile(cmake_cache)
  File "/usr/lib/python3/dist-packages/colcon_cmake/task/cmake/__init__.py", line 114, in get_buildfile
    if 'Visual Studio' in generator:
TypeError: argument of type 'NoneType' is not iterable
