[0.030s] Invoking command in '/home/tony/ros2_control/build/ros2_control_demo_example_5': AMENT_PREFIX_PATH=/home/tony/ros2_control/install/ros2_control_demo_testing:/home/tony/ros2_control/install/ros2_control_demo_description:${AMENT_PREFIX_PATH} CMAKE_PREFIX_PATH=/home/tony/ros2_control/install/ros2_control_demo_description:/home/tony/ros2_control/1_rrbot_ws/install/roscon2022_control_workshop:/home/tony/ros2_control/1_rrbot_ws/install/controlko_hardware_interface:/home/tony/ros2_control/1_rrbot_ws/install/controlko_bringup:/home/tony/ros2_control/1_rrbot_ws/install/controlko_description:/opt/ros/humble PYTHONPATH=/home/tony/ros2_control/install/ros2_control_demo_testing/lib/python3.10/site-packages:${PYTHONPATH} /usr/bin/cmake /home/tony/ros2_control/examples/src/example_5 -DCMAKE_INSTALL_PREFIX=/home/tony/ros2_control/install/ros2_control_demo_example_5
[0.236s] -- The CXX compiler identification is GNU 11.4.0
[0.259s] -- Detecting CXX compiler ABI info
[0.496s] -- Detecting CXX compiler ABI info - done
[0.519s] -- Check for working CXX compiler: /usr/bin/c++ - skipped
[0.520s] -- Detecting CXX compile features
[0.521s] -- Detecting CXX compile features - done
[0.531s] -- Found ament_cmake: 1.3.10 (/opt/ros/humble/share/ament_cmake/cmake)
[0.969s] -- Found Python3: /usr/bin/python3 (found version "3.10.12") found components: Interpreter 
[1.205s] -- Found hardware_interface: 2.43.1 (/opt/ros/humble/share/hardware_interface/cmake)
[1.305s] -- Found rosidl_generator_c: 3.1.5 (/opt/ros/humble/share/rosidl_generator_c/cmake)
[1.334s] -- Found rosidl_adapter: 3.1.5 (/opt/ros/humble/share/rosidl_adapter/cmake)
[1.362s] -- Found rosidl_generator_cpp: 3.1.5 (/opt/ros/humble/share/rosidl_generator_cpp/cmake)
[1.396s] -- Using all available rosidl_typesupport_c: rosidl_typesupport_fastrtps_c;rosidl_typesupport_introspection_c
[1.445s] -- Using all available rosidl_typesupport_cpp: rosidl_typesupport_fastrtps_cpp;rosidl_typesupport_introspection_cpp
[1.987s] -- Found rmw_implementation_cmake: 6.1.2 (/opt/ros/humble/share/rmw_implementation_cmake/cmake)
[1.994s] -- Found rmw_fastrtps_cpp: 6.2.7 (/opt/ros/humble/share/rmw_fastrtps_cpp/cmake)
[2.063s] -- Found TinyXML2 via Config file: TinyXML2_DIR-NOTFOUND
[2.478s] -- Found OpenSSL: /usr/lib/x86_64-linux-gnu/libcrypto.so (found version "3.0.2")  
[2.494s] -- Found TinyXML2 via Config file: TinyXML2_DIR-NOTFOUND
[2.552s] -- Found FastRTPS: /opt/ros/humble/include  
[2.571s] -- Found TinyXML2 via Config file: TinyXML2_DIR-NOTFOUND
[2.615s] -- Found TinyXML2 via Config file: TinyXML2_DIR-NOTFOUND
[2.666s] -- Using RMW implementation 'rmw_fastrtps_cpp' as default
[2.716s] -- Looking for C++ include pthread.h
[2.914s] Invoked command in '/home/tony/ros2_control/build/ros2_control_demo_example_5' returned '-2': AMENT_PREFIX_PATH=/home/tony/ros2_control/install/ros2_control_demo_testing:/home/tony/ros2_control/install/ros2_control_demo_description:${AMENT_PREFIX_PATH} CMAKE_PREFIX_PATH=/home/tony/ros2_control/install/ros2_control_demo_description:/home/tony/ros2_control/1_rrbot_ws/install/roscon2022_control_workshop:/home/tony/ros2_control/1_rrbot_ws/install/controlko_hardware_interface:/home/tony/ros2_control/1_rrbot_ws/install/controlko_bringup:/home/tony/ros2_control/1_rrbot_ws/install/controlko_description:/opt/ros/humble PYTHONPATH=/home/tony/ros2_control/install/ros2_control_demo_testing/lib/python3.10/site-packages:${PYTHONPATH} /usr/bin/cmake /home/tony/ros2_control/examples/src/example_5 -DCMAKE_INSTALL_PREFIX=/home/tony/ros2_control/install/ros2_control_demo_example_5
[2.915s] Traceback (most recent call last):
  File "/usr/lib/python3/dist-packages/colcon_parallel_executor/executor/parallel.py", line 75, in execute
    loop.run_until_complete(future)
  File "/usr/lib/python3.10/asyncio/base_events.py", line 636, in run_until_complete
    self.run_forever()
  File "/usr/lib/python3.10/asyncio/base_events.py", line 603, in run_forever
    self._run_once()
  File "/usr/lib/python3.10/asyncio/base_events.py", line 1871, in _run_once
    event_list = self._selector.select(timeout)
  File "/usr/lib/python3.10/selectors.py", line 469, in select
    fd_event_list = self._selector.poll(timeout, max_ev)
KeyboardInterrupt

During handling of the above exception, another exception occurred:

Traceback (most recent call last):
  File "/usr/lib/python3/dist-packages/colcon_core/executor/__init__.py", line 91, in __call__
    rc = await self.task(*args, **kwargs)
  File "/usr/lib/python3/dist-packages/colcon_core/task/__init__.py", line 93, in __call__
    return await task_method(*args, **kwargs)
  File "/usr/lib/python3/dist-packages/colcon_ros/task/ament_cmake/build.py", line 59, in build
    rc = await extension.build(
  File "/usr/lib/python3/dist-packages/colcon_cmake/task/cmake/build.py", line 87, in build
    rc = await self._reconfigure(args, env)
  File "/usr/lib/python3/dist-packages/colcon_cmake/task/cmake/build.py", line 182, in _reconfigure
    buildfile = get_buildfile(cmake_cache)
  File "/usr/lib/python3/dist-packages/colcon_cmake/task/cmake/__init__.py", line 114, in get_buildfile
    if 'Visual Studio' in generator:
TypeError: argument of type 'NoneType' is not iterable
