<?xml version="1.0" encoding="UTF-8"?>
<Site BuildName="(empty)"
	BuildStamp="20240928-0208-Experimental"
	Name="kerman-nuc10"
	Generator="ctest-3.22.1"
	CompilerName="/usr/bin/c++"
	CompilerVersion="11.4.0"
	OSName="Linux"
	Hostname="kerman-nuc10"
	OSRelease="6.2.0-26-generic"
	OSVersion="#26~22.04.1-Ubuntu SMP PREEMPT_DYNAMIC Thu Jul 13 16:27:29 UTC 2"
	OSPlatform="x86_64"
	Is64Bits="1"
	VendorString="GenuineIntel"
	VendorID="Intel Corporation"
	FamilyID="6"
	ModelID="142"
	ProcessorCacheSize="4096"
	NumberOfLogicalCPU="4"
	NumberOfPhysicalCPU="2"
	TotalVirtualMemory="2047"
	TotalPhysicalMemory="15705"
	LogicalProcessorsPerPhysical="2"
	ProcessorClockFrequency="3300.15"
	>
	<Testing>
		<StartDateTime>Sep 28 10:08 CST</StartDateTime>
		<StartTestTime>1727489288</StartTestTime>
		<TestList>
			<Test>./test_rrbot_hardware_interface</Test>
			<Test>./cppcheck</Test>
			<Test>./lint_cmake</Test>
			<Test>./uncrustify</Test>
			<Test>./xmllint</Test>
		</TestList>
		<Test Status="passed">
			<Name>test_rrbot_hardware_interface</Name>
			<Path>.</Path>
			<FullName>./test_rrbot_hardware_interface</FullName>
			<FullCommandLine>/usr/bin/python3 "-u" "/opt/ros/humble/share/ament_cmake_test/cmake/run_test.py" "/home/tony/ros2_control/1_rrbot_ws/build/my_hardwareinterfaces/test_results/my_hardwareinterfaces/test_rrbot_hardware_interface.gtest.xml" "--package-name" "my_hardwareinterfaces" "--output-file" "/home/tony/ros2_control/1_rrbot_ws/build/my_hardwareinterfaces/ament_cmake_gmock/test_rrbot_hardware_interface.txt" "--command" "/home/tony/ros2_control/1_rrbot_ws/build/my_hardwareinterfaces/test_rrbot_hardware_interface" "--gtest_output=xml:/home/tony/ros2_control/1_rrbot_ws/build/my_hardwareinterfaces/test_results/my_hardwareinterfaces/test_rrbot_hardware_interface.gtest.xml"</FullCommandLine>
			<Results>
				<NamedMeasurement type="numeric/double" name="Execution Time">
					<Value>0.128037</Value>
				</NamedMeasurement>
				<NamedMeasurement type="numeric/double" name="Processors">
					<Value>1</Value>
				</NamedMeasurement>
				<NamedMeasurement type="text/string" name="Completion Status">
					<Value>Completed</Value>
				</NamedMeasurement>
				<NamedMeasurement type="text/string" name="Command Line">
					<Value>/usr/bin/python3 "-u" "/opt/ros/humble/share/ament_cmake_test/cmake/run_test.py" "/home/tony/ros2_control/1_rrbot_ws/build/my_hardwareinterfaces/test_results/my_hardwareinterfaces/test_rrbot_hardware_interface.gtest.xml" "--package-name" "my_hardwareinterfaces" "--output-file" "/home/tony/ros2_control/1_rrbot_ws/build/my_hardwareinterfaces/ament_cmake_gmock/test_rrbot_hardware_interface.txt" "--command" "/home/tony/ros2_control/1_rrbot_ws/build/my_hardwareinterfaces/test_rrbot_hardware_interface" "--gtest_output=xml:/home/tony/ros2_control/1_rrbot_ws/build/my_hardwareinterfaces/test_results/my_hardwareinterfaces/test_rrbot_hardware_interface.gtest.xml"</Value>
				</NamedMeasurement>
				<NamedMeasurement type="text/string" name="Environment">
					<Value>#CTEST_RESOURCE_GROUP_COUNT=</Value>
				</NamedMeasurement>
				<Measurement>
					<Value>-- run_test.py: invoking following command in '/home/tony/ros2_control/1_rrbot_ws/build/my_hardwareinterfaces':
 - /home/tony/ros2_control/1_rrbot_ws/build/my_hardwareinterfaces/test_rrbot_hardware_interface --gtest_output=xml:/home/tony/ros2_control/1_rrbot_ws/build/my_hardwareinterfaces/test_results/my_hardwareinterfaces/test_rrbot_hardware_interface.gtest.xml
Running main() from gmock_main.cc
[==========] Running 1 test from 1 test suite.
[----------] Global test environment set-up.
[----------] 1 test from TestRRBotHardwareInterface
[ RUN      ] TestRRBotHardwareInterface.load_rrbot_hardware_interface_2dof
[INFO] [1727489288.732061874] [resource_manager]: Loading hardware 'RRBotHardwareInterface2dof' 
[INFO] [1727489288.732688165] [resource_manager]: Initialize hardware 'RRBotHardwareInterface2dof' 
[INFO] [1727489288.732935402] [resource_manager]: Successful initialization of hardware 'RRBotHardwareInterface2dof'
[       OK ] TestRRBotHardwareInterface.load_rrbot_hardware_interface_2dof (5 ms)
[----------] 1 test from TestRRBotHardwareInterface (5 ms total)

[----------] Global test environment tear-down
[==========] 1 test from 1 test suite ran. (5 ms total)
[  PASSED  ] 1 test.
-- run_test.py: return code 0
-- run_test.py: inject classname prefix into gtest result file '/home/tony/ros2_control/1_rrbot_ws/build/my_hardwareinterfaces/test_results/my_hardwareinterfaces/test_rrbot_hardware_interface.gtest.xml'
-- run_test.py: verify result file '/home/tony/ros2_control/1_rrbot_ws/build/my_hardwareinterfaces/test_results/my_hardwareinterfaces/test_rrbot_hardware_interface.gtest.xml'
</Value>
				</Measurement>
			</Results>
			<Labels>
				<Label>gmock</Label>
			</Labels>
		</Test>
		<Test Status="passed">
			<Name>cppcheck</Name>
			<Path>.</Path>
			<FullName>./cppcheck</FullName>
			<FullCommandLine>/usr/bin/python3 "-u" "/opt/ros/humble/share/ament_cmake_test/cmake/run_test.py" "/home/tony/ros2_control/1_rrbot_ws/build/my_hardwareinterfaces/test_results/my_hardwareinterfaces/cppcheck.xunit.xml" "--package-name" "my_hardwareinterfaces" "--output-file" "/home/tony/ros2_control/1_rrbot_ws/build/my_hardwareinterfaces/ament_cppcheck/cppcheck.txt" "--command" "/opt/ros/humble/bin/ament_cppcheck" "--xunit-file" "/home/tony/ros2_control/1_rrbot_ws/build/my_hardwareinterfaces/test_results/my_hardwareinterfaces/cppcheck.xunit.xml" "--include_dirs" "/home/tony/ros2_control/1_rrbot_ws/my_hardwareinterfaces/include"</FullCommandLine>
			<Results>
				<NamedMeasurement type="numeric/double" name="Execution Time">
					<Value>0.228762</Value>
				</NamedMeasurement>
				<NamedMeasurement type="numeric/double" name="Processors">
					<Value>1</Value>
				</NamedMeasurement>
				<NamedMeasurement type="text/string" name="Completion Status">
					<Value>Completed</Value>
				</NamedMeasurement>
				<NamedMeasurement type="text/string" name="Command Line">
					<Value>/usr/bin/python3 "-u" "/opt/ros/humble/share/ament_cmake_test/cmake/run_test.py" "/home/tony/ros2_control/1_rrbot_ws/build/my_hardwareinterfaces/test_results/my_hardwareinterfaces/cppcheck.xunit.xml" "--package-name" "my_hardwareinterfaces" "--output-file" "/home/tony/ros2_control/1_rrbot_ws/build/my_hardwareinterfaces/ament_cppcheck/cppcheck.txt" "--command" "/opt/ros/humble/bin/ament_cppcheck" "--xunit-file" "/home/tony/ros2_control/1_rrbot_ws/build/my_hardwareinterfaces/test_results/my_hardwareinterfaces/cppcheck.xunit.xml" "--include_dirs" "/home/tony/ros2_control/1_rrbot_ws/my_hardwareinterfaces/include"</Value>
				</NamedMeasurement>
				<NamedMeasurement type="text/string" name="Environment">
					<Value>#CTEST_RESOURCE_GROUP_COUNT=</Value>
				</NamedMeasurement>
				<Measurement>
					<Value>-- run_test.py: invoking following command in '/home/tony/ros2_control/1_rrbot_ws/my_hardwareinterfaces':
 - /opt/ros/humble/bin/ament_cppcheck --xunit-file /home/tony/ros2_control/1_rrbot_ws/build/my_hardwareinterfaces/test_results/my_hardwareinterfaces/cppcheck.xunit.xml --include_dirs /home/tony/ros2_control/1_rrbot_ws/my_hardwareinterfaces/include
cppcheck 2.7 has known performance issues and therefore will not be used, set the AMENT_CPPCHECK_ALLOW_SLOW_VERSIONS environment variable to override this.
-- run_test.py: return code 0
-- run_test.py: verify result file '/home/tony/ros2_control/1_rrbot_ws/build/my_hardwareinterfaces/test_results/my_hardwareinterfaces/cppcheck.xunit.xml'
</Value>
				</Measurement>
			</Results>
			<Labels>
				<Label>cppcheck</Label>
				<Label>linter</Label>
			</Labels>
		</Test>
		<Test Status="passed">
			<Name>lint_cmake</Name>
			<Path>.</Path>
			<FullName>./lint_cmake</FullName>
			<FullCommandLine>/usr/bin/python3 "-u" "/opt/ros/humble/share/ament_cmake_test/cmake/run_test.py" "/home/tony/ros2_control/1_rrbot_ws/build/my_hardwareinterfaces/test_results/my_hardwareinterfaces/lint_cmake.xunit.xml" "--package-name" "my_hardwareinterfaces" "--output-file" "/home/tony/ros2_control/1_rrbot_ws/build/my_hardwareinterfaces/ament_lint_cmake/lint_cmake.txt" "--command" "/opt/ros/humble/bin/ament_lint_cmake" "--xunit-file" "/home/tony/ros2_control/1_rrbot_ws/build/my_hardwareinterfaces/test_results/my_hardwareinterfaces/lint_cmake.xunit.xml"</FullCommandLine>
			<Results>
				<NamedMeasurement type="numeric/double" name="Execution Time">
					<Value>0.193903</Value>
				</NamedMeasurement>
				<NamedMeasurement type="numeric/double" name="Processors">
					<Value>1</Value>
				</NamedMeasurement>
				<NamedMeasurement type="text/string" name="Completion Status">
					<Value>Completed</Value>
				</NamedMeasurement>
				<NamedMeasurement type="text/string" name="Command Line">
					<Value>/usr/bin/python3 "-u" "/opt/ros/humble/share/ament_cmake_test/cmake/run_test.py" "/home/tony/ros2_control/1_rrbot_ws/build/my_hardwareinterfaces/test_results/my_hardwareinterfaces/lint_cmake.xunit.xml" "--package-name" "my_hardwareinterfaces" "--output-file" "/home/tony/ros2_control/1_rrbot_ws/build/my_hardwareinterfaces/ament_lint_cmake/lint_cmake.txt" "--command" "/opt/ros/humble/bin/ament_lint_cmake" "--xunit-file" "/home/tony/ros2_control/1_rrbot_ws/build/my_hardwareinterfaces/test_results/my_hardwareinterfaces/lint_cmake.xunit.xml"</Value>
				</NamedMeasurement>
				<NamedMeasurement type="text/string" name="Environment">
					<Value>#CTEST_RESOURCE_GROUP_COUNT=</Value>
				</NamedMeasurement>
				<Measurement>
					<Value>-- run_test.py: invoking following command in '/home/tony/ros2_control/1_rrbot_ws/my_hardwareinterfaces':
 - /opt/ros/humble/bin/ament_lint_cmake --xunit-file /home/tony/ros2_control/1_rrbot_ws/build/my_hardwareinterfaces/test_results/my_hardwareinterfaces/lint_cmake.xunit.xml

No problems found
-- run_test.py: return code 0
-- run_test.py: verify result file '/home/tony/ros2_control/1_rrbot_ws/build/my_hardwareinterfaces/test_results/my_hardwareinterfaces/lint_cmake.xunit.xml'
</Value>
				</Measurement>
			</Results>
			<Labels>
				<Label>lint_cmake</Label>
				<Label>linter</Label>
			</Labels>
		</Test>
		<Test Status="failed">
			<Name>uncrustify</Name>
			<Path>.</Path>
			<FullName>./uncrustify</FullName>
			<FullCommandLine>/usr/bin/python3 "-u" "/opt/ros/humble/share/ament_cmake_test/cmake/run_test.py" "/home/tony/ros2_control/1_rrbot_ws/build/my_hardwareinterfaces/test_results/my_hardwareinterfaces/uncrustify.xunit.xml" "--package-name" "my_hardwareinterfaces" "--output-file" "/home/tony/ros2_control/1_rrbot_ws/build/my_hardwareinterfaces/ament_uncrustify/uncrustify.txt" "--command" "/opt/ros/humble/bin/ament_uncrustify" "--xunit-file" "/home/tony/ros2_control/1_rrbot_ws/build/my_hardwareinterfaces/test_results/my_hardwareinterfaces/uncrustify.xunit.xml"</FullCommandLine>
			<Results>
				<NamedMeasurement type="text/string" name="Exit Code">
					<Value>Failed</Value>
				</NamedMeasurement>
				<NamedMeasurement type="text/string" name="Exit Value">
					<Value>1</Value>
				</NamedMeasurement>
				<NamedMeasurement type="numeric/double" name="Execution Time">
					<Value>0.233124</Value>
				</NamedMeasurement>
				<NamedMeasurement type="numeric/double" name="Processors">
					<Value>1</Value>
				</NamedMeasurement>
				<NamedMeasurement type="text/string" name="Completion Status">
					<Value>Completed</Value>
				</NamedMeasurement>
				<NamedMeasurement type="text/string" name="Command Line">
					<Value>/usr/bin/python3 "-u" "/opt/ros/humble/share/ament_cmake_test/cmake/run_test.py" "/home/tony/ros2_control/1_rrbot_ws/build/my_hardwareinterfaces/test_results/my_hardwareinterfaces/uncrustify.xunit.xml" "--package-name" "my_hardwareinterfaces" "--output-file" "/home/tony/ros2_control/1_rrbot_ws/build/my_hardwareinterfaces/ament_uncrustify/uncrustify.txt" "--command" "/opt/ros/humble/bin/ament_uncrustify" "--xunit-file" "/home/tony/ros2_control/1_rrbot_ws/build/my_hardwareinterfaces/test_results/my_hardwareinterfaces/uncrustify.xunit.xml"</Value>
				</NamedMeasurement>
				<NamedMeasurement type="text/string" name="Environment">
					<Value>#CTEST_RESOURCE_GROUP_COUNT=</Value>
				</NamedMeasurement>
				<Measurement>
					<Value>-- run_test.py: invoking following command in '/home/tony/ros2_control/1_rrbot_ws/my_hardwareinterfaces':
 - /opt/ros/humble/bin/ament_uncrustify --xunit-file /home/tony/ros2_control/1_rrbot_ws/build/my_hardwareinterfaces/test_results/my_hardwareinterfaces/uncrustify.xunit.xml
Code style divergence in file 'src/rrbot_hardware_interface.cpp':

--- src/rrbot_hardware_interface.cpp
+++ src/rrbot_hardware_interface.cpp.uncrustify
@@ -27,2 +27 @@
-  if (hardware_interface::SystemInterface::on_init(info) != CallbackReturn::SUCCESS)
-  {
+  if (hardware_interface::SystemInterface::on_init(info) != CallbackReturn::SUCCESS) {
@@ -50,5 +49,5 @@
-  for (size_t i = 0; i &lt; info_.joints.size(); ++i)
-  {
-    state_interfaces.emplace_back(hardware_interface::StateInterface(
-      // TODO(anyone): insert correct interfaces
-      info_.joints[i].name, hardware_interface::HW_IF_POSITION, &amp;hw_states_[i]));
+  for (size_t i = 0; i &lt; info_.joints.size(); ++i) {
+    state_interfaces.emplace_back(
+      hardware_interface::StateInterface(
+        // TODO(anyone): insert correct interfaces
+        info_.joints[i].name, hardware_interface::HW_IF_POSITION, &amp;hw_states_[i]));
@@ -63,5 +62,5 @@
-  for (size_t i = 0; i &lt; info_.joints.size(); ++i)
-  {
-    command_interfaces.emplace_back(hardware_interface::CommandInterface(
-      // TODO(anyone): insert correct interfaces
-      info_.joints[i].name, hardware_interface::HW_IF_POSITION, &amp;hw_commands_[i]));
+  for (size_t i = 0; i &lt; info_.joints.size(); ++i) {
+    command_interfaces.emplace_back(
+      hardware_interface::CommandInterface(
+        // TODO(anyone): insert correct interfaces
+        info_.joints[i].name, hardware_interface::HW_IF_POSITION, &amp;hw_commands_[i]));

Code style divergence in file 'test/test_rrbot_hardware_interface.cpp':

--- test/test_rrbot_hardware_interface.cpp
+++ test/test_rrbot_hardware_interface.cpp.uncrustify
@@ -55 +55 @@
-              ros2_control_test_assets::urdf_tail;
+    ros2_control_test_assets::urdf_tail;

2 files with code style divergence
No code style divergence in file 'include/my_hardwareinterfaces/rrbot_hardware_interface.hpp'

No code style divergence in file 'include/my_hardwareinterfaces/visibility_control.h'

-- run_test.py: return code 1
-- run_test.py: verify result file '/home/tony/ros2_control/1_rrbot_ws/build/my_hardwareinterfaces/test_results/my_hardwareinterfaces/uncrustify.xunit.xml'
</Value>
				</Measurement>
			</Results>
			<Labels>
				<Label>linter</Label>
				<Label>uncrustify</Label>
			</Labels>
		</Test>
		<Test Status="passed">
			<Name>xmllint</Name>
			<Path>.</Path>
			<FullName>./xmllint</FullName>
			<FullCommandLine>/usr/bin/python3 "-u" "/opt/ros/humble/share/ament_cmake_test/cmake/run_test.py" "/home/tony/ros2_control/1_rrbot_ws/build/my_hardwareinterfaces/test_results/my_hardwareinterfaces/xmllint.xunit.xml" "--package-name" "my_hardwareinterfaces" "--output-file" "/home/tony/ros2_control/1_rrbot_ws/build/my_hardwareinterfaces/ament_xmllint/xmllint.txt" "--command" "/opt/ros/humble/bin/ament_xmllint" "--xunit-file" "/home/tony/ros2_control/1_rrbot_ws/build/my_hardwareinterfaces/test_results/my_hardwareinterfaces/xmllint.xunit.xml"</FullCommandLine>
			<Results>
				<NamedMeasurement type="numeric/double" name="Execution Time">
					<Value>1.14878</Value>
				</NamedMeasurement>
				<NamedMeasurement type="numeric/double" name="Processors">
					<Value>1</Value>
				</NamedMeasurement>
				<NamedMeasurement type="text/string" name="Completion Status">
					<Value>Completed</Value>
				</NamedMeasurement>
				<NamedMeasurement type="text/string" name="Command Line">
					<Value>/usr/bin/python3 "-u" "/opt/ros/humble/share/ament_cmake_test/cmake/run_test.py" "/home/tony/ros2_control/1_rrbot_ws/build/my_hardwareinterfaces/test_results/my_hardwareinterfaces/xmllint.xunit.xml" "--package-name" "my_hardwareinterfaces" "--output-file" "/home/tony/ros2_control/1_rrbot_ws/build/my_hardwareinterfaces/ament_xmllint/xmllint.txt" "--command" "/opt/ros/humble/bin/ament_xmllint" "--xunit-file" "/home/tony/ros2_control/1_rrbot_ws/build/my_hardwareinterfaces/test_results/my_hardwareinterfaces/xmllint.xunit.xml"</Value>
				</NamedMeasurement>
				<NamedMeasurement type="text/string" name="Environment">
					<Value>#CTEST_RESOURCE_GROUP_COUNT=</Value>
				</NamedMeasurement>
				<Measurement>
					<Value>-- run_test.py: invoking following command in '/home/tony/ros2_control/1_rrbot_ws/my_hardwareinterfaces':
 - /opt/ros/humble/bin/ament_xmllint --xunit-file /home/tony/ros2_control/1_rrbot_ws/build/my_hardwareinterfaces/test_results/my_hardwareinterfaces/xmllint.xunit.xml
File 'my_hardwareinterfaces.xml' is valid

File 'package.xml' is valid

No problems found
-- run_test.py: return code 0
-- run_test.py: verify result file '/home/tony/ros2_control/1_rrbot_ws/build/my_hardwareinterfaces/test_results/my_hardwareinterfaces/xmllint.xunit.xml'
</Value>
				</Measurement>
			</Results>
			<Labels>
				<Label>linter</Label>
				<Label>xmllint</Label>
			</Labels>
		</Test>
		<EndDateTime>Sep 28 10:08 CST</EndDateTime>
		<EndTestTime>1727489290</EndTestTime>
		<ElapsedMinutes>0</ElapsedMinutes>
	</Testing>
</Site>
