[0.034s] Invoking command in '/home/tony/ros2_control/build/ros2_control_demo_example_14': AMENT_PREFIX_PATH=/home/tony/ros2_control/install/ros2_control_demo_testing:/home/tony/ros2_control/install/ros2_control_demo_description:${AMENT_PREFIX_PATH} CMAKE_PREFIX_PATH=/home/tony/ros2_control/install/ros2_control_demo_description:/home/tony/ros2_control/1_rrbot_ws/install/roscon2022_control_workshop:/home/tony/ros2_control/1_rrbot_ws/install/controlko_hardware_interface:/home/tony/ros2_control/1_rrbot_ws/install/controlko_bringup:/home/tony/ros2_control/1_rrbot_ws/install/controlko_description:/opt/ros/humble PYTHONPATH=/home/tony/ros2_control/install/ros2_control_demo_testing/lib/python3.10/site-packages:${PYTHONPATH} /usr/bin/cmake /home/tony/ros2_control/examples/src/example_14 -DCMAKE_INSTALL_PREFIX=/home/tony/ros2_control/install/ros2_control_demo_example_14
[0.292s] -- The CXX compiler identification is GNU 11.4.0
[0.309s] -- Detecting CXX compiler ABI info
[0.491s] -- Detecting CXX compiler ABI info - done
[0.512s] -- Check for working CXX compiler: /usr/bin/c++ - skipped
[0.515s] -- Detecting CXX compile features
[0.515s] -- Detecting CXX compile features - done
[0.538s] -- Found ament_cmake: 1.3.10 (/opt/ros/humble/share/ament_cmake/cmake)
[0.956s] -- Found Python3: /usr/bin/python3 (found version "3.10.12") found components: Interpreter 
[1.211s] -- Found hardware_interface: 2.43.1 (/opt/ros/humble/share/hardware_interface/cmake)
[1.313s] -- Found rosidl_generator_c: 3.1.5 (/opt/ros/humble/share/rosidl_generator_c/cmake)
[1.327s] -- Found rosidl_adapter: 3.1.5 (/opt/ros/humble/share/rosidl_adapter/cmake)
[1.348s] -- Found rosidl_generator_cpp: 3.1.5 (/opt/ros/humble/share/rosidl_generator_cpp/cmake)
[1.384s] -- Using all available rosidl_typesupport_c: rosidl_typesupport_fastrtps_c;rosidl_typesupport_introspection_c
[1.429s] -- Using all available rosidl_typesupport_cpp: rosidl_typesupport_fastrtps_cpp;rosidl_typesupport_introspection_cpp
[2.055s] -- Found rmw_implementation_cmake: 6.1.2 (/opt/ros/humble/share/rmw_implementation_cmake/cmake)
[2.061s] -- Found rmw_fastrtps_cpp: 6.2.7 (/opt/ros/humble/share/rmw_fastrtps_cpp/cmake)
[2.129s] -- Found TinyXML2 via Config file: TinyXML2_DIR-NOTFOUND
[2.256s] -- Found OpenSSL: /usr/lib/x86_64-linux-gnu/libcrypto.so (found version "3.0.2")  
[2.264s] -- Found TinyXML2 via Config file: TinyXML2_DIR-NOTFOUND
[2.308s] -- Found FastRTPS: /opt/ros/humble/include  
[2.315s] -- Found TinyXML2 via Config file: TinyXML2_DIR-NOTFOUND
[2.340s] -- Found TinyXML2 via Config file: TinyXML2_DIR-NOTFOUND
[2.364s] -- Using RMW implementation 'rmw_fastrtps_cpp' as default
[2.400s] -- Looking for C++ include pthread.h
[2.597s] -- Looking for C++ include pthread.h - found
[2.601s] -- Performing Test CMAKE_HAVE_LIBC_PTHREAD
[2.814s] -- Performing Test CMAKE_HAVE_LIBC_PTHREAD - Success
[2.822s] -- Found Threads: TRUE  
[2.964s] -- Found realtime_tools: 2.6.0 (/opt/ros/humble/share/realtime_tools/cmake)
[3.014s] -- Found ament_cmake_pytest: 1.3.10 (/opt/ros/humble/share/ament_cmake_pytest/cmake)
[6.439s] -- Configuring done
[6.630s] -- Generating done
[6.649s] -- Build files have been written to: /home/tony/ros2_control/build/ros2_control_demo_example_14
[6.708s] Invoked command in '/home/tony/ros2_control/build/ros2_control_demo_example_14' returned '0': AMENT_PREFIX_PATH=/home/tony/ros2_control/install/ros2_control_demo_testing:/home/tony/ros2_control/install/ros2_control_demo_description:${AMENT_PREFIX_PATH} CMAKE_PREFIX_PATH=/home/tony/ros2_control/install/ros2_control_demo_description:/home/tony/ros2_control/1_rrbot_ws/install/roscon2022_control_workshop:/home/tony/ros2_control/1_rrbot_ws/install/controlko_hardware_interface:/home/tony/ros2_control/1_rrbot_ws/install/controlko_bringup:/home/tony/ros2_control/1_rrbot_ws/install/controlko_description:/opt/ros/humble PYTHONPATH=/home/tony/ros2_control/install/ros2_control_demo_testing/lib/python3.10/site-packages:${PYTHONPATH} /usr/bin/cmake /home/tony/ros2_control/examples/src/example_14 -DCMAKE_INSTALL_PREFIX=/home/tony/ros2_control/install/ros2_control_demo_example_14
[6.712s] Invoking command in '/home/tony/ros2_control/build/ros2_control_demo_example_14': AMENT_PREFIX_PATH=/home/tony/ros2_control/install/ros2_control_demo_testing:/home/tony/ros2_control/install/ros2_control_demo_description:${AMENT_PREFIX_PATH} CMAKE_PREFIX_PATH=/home/tony/ros2_control/install/ros2_control_demo_description:/home/tony/ros2_control/1_rrbot_ws/install/roscon2022_control_workshop:/home/tony/ros2_control/1_rrbot_ws/install/controlko_hardware_interface:/home/tony/ros2_control/1_rrbot_ws/install/controlko_bringup:/home/tony/ros2_control/1_rrbot_ws/install/controlko_description:/opt/ros/humble PYTHONPATH=/home/tony/ros2_control/install/ros2_control_demo_testing/lib/python3.10/site-packages:${PYTHONPATH} /usr/bin/cmake --build /home/tony/ros2_control/build/ros2_control_demo_example_14 -- -j4 -l4
[6.875s] [ 33%] [32mBuilding CXX object CMakeFiles/ros2_control_demo_example_14.dir/hardware/rrbot_actuator_without_feedback.cpp.o[0m
[7.277s] gmake[2]: *** [CMakeFiles/ros2_control_demo_example_14.dir/build.make:76: CMakeFiles/ros2_control_demo_example_14.dir/hardware/rrbot_actuator_without_feedback.cpp.o] Interrupt
[7.277s] gmake[1]: *** [CMakeFiles/Makefile2:137: CMakeFiles/ros2_control_demo_example_14.dir/all] Interrupt
[7.277s] gmake: *** [Makefile:146: all] Interrupt
[7.278s] Invoked command in '/home/tony/ros2_control/build/ros2_control_demo_example_14' returned '-2': AMENT_PREFIX_PATH=/home/tony/ros2_control/install/ros2_control_demo_testing:/home/tony/ros2_control/install/ros2_control_demo_description:${AMENT_PREFIX_PATH} CMAKE_PREFIX_PATH=/home/tony/ros2_control/install/ros2_control_demo_description:/home/tony/ros2_control/1_rrbot_ws/install/roscon2022_control_workshop:/home/tony/ros2_control/1_rrbot_ws/install/controlko_hardware_interface:/home/tony/ros2_control/1_rrbot_ws/install/controlko_bringup:/home/tony/ros2_control/1_rrbot_ws/install/controlko_description:/opt/ros/humble PYTHONPATH=/home/tony/ros2_control/install/ros2_control_demo_testing/lib/python3.10/site-packages:${PYTHONPATH} /usr/bin/cmake --build /home/tony/ros2_control/build/ros2_control_demo_example_14 -- -j4 -l4
